2011-08-01 03:43:23 [24241] [INFO] Starting gunicorn 0.12.2
2011-08-01 03:43:23 [24241] [INFO] Listening at: http://127.0.0.1:8000 (24241)
2011-08-01 03:43:23 [24241] [INFO] Using worker: eventlet
2011-08-01 03:43:23 [24242] [INFO] Booting worker with pid: 24242
2011-08-01 03:43:23 [24243] [INFO] Booting worker with pid: 24243
2011-08-01 03:43:23 [24244] [INFO] Booting worker with pid: 24244
2011-08-01 03:43:23 [24245] [INFO] Booting worker with pid: 24245
2011-08-01 03:43:28 [24242] [INFO] Worker exiting (pid: 24242)
2011-08-01 03:43:28 [24244] [INFO] Worker exiting (pid: 24244)
2011-08-01 03:43:28 [24243] [INFO] Worker exiting (pid: 24243)
Validating models...
0 errors found

Django version 1.3, using settings 'nerds.settings'
Server is running
Quit the server with CONTROL-C.
Validating models...
0 errors found

Django version 1.3, using settings 'nerds.settings'
Server is running
Quit the server with CONTROL-C.
Validating models...
0 errors found

Django version 1.3, using settings 'nerds.settings'
Server is running
Quit the server with CONTROL-C.
2011-08-01 03:43:28 [24241] [INFO] Handling signal: int
2011-08-01 03:43:28 [24245] [INFO] Worker exiting (pid: 24245)
Validating models...
0 errors found

Django version 1.3, using settings 'nerds.settings'
Server is running
Quit the server with CONTROL-C.
2011-08-01 03:43:28 [24241] [INFO] Shutting down: Master
Validating models...
0 errors found

Django version 1.3, using settings 'nerds.settings'
Server is running
Quit the server with CONTROL-C.
